<?xml version="1.0" encoding="UTF-8"?>
<!-- Generated by org.testng.reporters.JUnitReportReporter -->
<testsuite hostname="RiteshM-AVP" failures="0" tests="1" name="com.crmnext.testCases.TC1_LoginTest_001" time="3.787" errors="0" timestamp="2021-11-20T21:09:48 IST" skipped="0">
  <testcase classname="com.crmnext.testCases.TC1_LoginTest_001" name="loginTest" time="3.787"/>
  <system-out/>
</testsuite> <!-- com.crmnext.testCases.TC1_LoginTest_001 -->
