<?xml version="1.0" encoding="UTF-8"?>
<!-- Generated by org.testng.reporters.JUnitReportReporter -->
<testsuite hostname="RiteshM-AVP" failures="0" tests="1" name="com.crmnext.testCases.TC2_LoginValidation_002" time="0.000" errors="0" timestamp="2021-11-21T14:34:49 IST" skipped="1">
  <testcase classname="com.crmnext.testCases.TC2_LoginValidation_002" name="loginValidation" time="0.000">
    <skipped/>
  </testcase> <!-- loginValidation -->
  <system-out/>
</testsuite> <!-- com.crmnext.testCases.TC2_LoginValidation_002 -->
