<?xml version="1.0" encoding="UTF-8"?>
<!-- Generated by org.testng.reporters.JUnitReportReporter -->
<testsuite hostname="RiteshM-AVP" failures="0" tests="1" name="com.crmnext.testCases.TC1_LoginTest_001" time="3.182" errors="0" timestamp="2021-11-21T14:34:49 IST" skipped="0">
  <testcase classname="com.crmnext.testCases.TC1_LoginTest_001" name="loginTest" time="3.182"/>
  <system-out/>
</testsuite> <!-- com.crmnext.testCases.TC1_LoginTest_001 -->
